Vivado Simulator 2018.1
Copyright 1986-1999, 2001-2017 Xilinx, Inc. All Rights Reserved.
Running: /opt/Xilinx/Vivado/2018.1/bin/unwrapped/lnx64.o/xelab -wto a28d12c3cc264cad9a2b907e3aa7f079 --incr --debug typical --relax --mt 8 -L xil_defaultlib -L secureip --snapshot ULATOPLEVEL_tb_behav xil_defaultlib.ULATOPLEVEL_tb -log elaborate.log 
Using 8 slave threads.
Starting static elaboration
Completed static elaboration
Starting simulation data flow analysis
Completed simulation data flow analysis
Time Resolution for simulation is 1ps
Compiling package std.standard
Compiling package std.textio
Compiling package ieee.std_logic_1164
Compiling package ieee.numeric_std
Compiling package ieee.std_logic_arith
Compiling package ieee.std_logic_signed
Compiling package ieee.std_logic_unsigned
Compiling architecture behavioral of entity xil_defaultlib.basico [basico_default]
Compiling architecture behavioral of entity xil_defaultlib.decimal [decimal_default]
Compiling architecture behavioral of entity xil_defaultlib.hexa [hexa_default]
Compiling architecture behavioral of entity xil_defaultlib.octal [octal_default]
Compiling architecture behavioral of entity xil_defaultlib.BINARIO [binario_default]
Compiling architecture behavioral of entity xil_defaultlib.divclock [divclock_default]
Compiling architecture behavioral of entity xil_defaultlib.mux2 [mux2_default]
Compiling architecture behavioral of entity xil_defaultlib.conversor7seg [conversor7seg_default]
Compiling architecture behavioral of entity xil_defaultlib.muxprog [muxprog_default]
Compiling architecture behavioral of entity xil_defaultlib.mux_erro [mux_erro_default]
Compiling architecture behavioral of entity xil_defaultlib.mux_over [mux_over_default]
Compiling architecture behavioral of entity xil_defaultlib.topleveldecod [topleveldecod_default]
Compiling architecture behavioral of entity xil_defaultlib.memoria [memoria_default]
Compiling architecture behavioral of entity xil_defaultlib.ULATOPLEVEL [ulatoplevel_default]
Compiling architecture bench of entity xil_defaultlib.ulatoplevel_tb
Built simulation snapshot ULATOPLEVEL_tb_behav
